2025-12-20 16:19:04,444 - scheduler - INFO - åº”ç”¨å¯åŠ¨ä¸­...
2025-12-20 16:19:04,445 - scheduler - INFO - è°ƒåº¦å™¨å·²å¯åŠ¨
2025-12-20 16:19:10,780 - scheduler - INFO - åº”ç”¨å¯åŠ¨ä¸­...
2025-12-20 16:19:10,781 - scheduler - INFO - è°ƒåº¦å™¨å·²å¯åŠ¨
2025-12-20 16:19:15,127 - scheduler - INFO - åº”ç”¨å¯åŠ¨ä¸­...
2025-12-20 16:19:15,127 - scheduler - INFO - è°ƒåº¦å™¨å·²å¯åŠ¨
2025-12-20 16:19:24,849 - scheduler - INFO - åº”ç”¨å¯åŠ¨ä¸­...
2025-12-20 16:19:24,850 - scheduler - INFO - è°ƒåº¦å™¨å·²å¯åŠ¨
2025-12-20 16:20:06,181 - scheduler - INFO - åº”ç”¨å¯åŠ¨ä¸­...
2025-12-20 16:20:06,182 - scheduler - INFO - è°ƒåº¦å™¨å·²å¯åŠ¨
2025-12-20 16:20:34,560 - scheduler - INFO - åº”ç”¨å¯åŠ¨ä¸­...
2025-12-20 16:20:34,561 - scheduler - INFO - ä»»åŠ¡è°ƒåº¦å™¨å·²å¯åŠ¨
2025-12-20 16:20:34,561 - scheduler - INFO - è°ƒåº¦å™¨å·²å¯åŠ¨
2025-12-20 16:20:41,222 - scheduler - INFO - åº”ç”¨å¯åŠ¨ä¸­...
2025-12-20 16:20:41,224 - scheduler - INFO - ä»»åŠ¡è°ƒåº¦å™¨å·²å¯åŠ¨
2025-12-20 16:20:41,224 - scheduler - INFO - è°ƒåº¦å™¨å·²å¯åŠ¨
2025-12-20 16:21:11,227 - scheduler - INFO - è§¦å‘ä»»åŠ¡æ‰§è¡Œ: ID=1, name=test, status=ACTIVE
2025-12-20 16:21:11,229 - scheduler - INFO - å¼€å§‹æ‰§è¡Œä»»åŠ¡ 1 (test): echo hi

2025-12-20 16:21:11,236 - scheduler - INFO - ä»»åŠ¡ 1 (test) æ‰§è¡ŒæˆåŠŸ
2025-12-20 16:21:33,459 - scheduler - INFO - åº”ç”¨å¯åŠ¨ä¸­...
2025-12-20 16:21:33,459 - scheduler - INFO - ä»»åŠ¡è°ƒåº¦å™¨å·²å¯åŠ¨
2025-12-20 16:21:33,459 - scheduler - INFO - è°ƒåº¦å™¨å·²å¯åŠ¨
2025-12-20 16:21:43,802 - scheduler - INFO - æŸ¥è¯¢ä»»åŠ¡åˆ—è¡¨: q=, status=, page=1, æ‰¾åˆ° 1 ä¸ªä»»åŠ¡
2025-12-20 16:21:48,349 - scheduler - INFO - æŸ¥è¯¢ä»»åŠ¡åˆ—è¡¨: q=, status=, page=1, æ‰¾åˆ° 1 ä¸ªä»»åŠ¡
2025-12-20 16:22:03,464 - scheduler - INFO - è§¦å‘ä»»åŠ¡æ‰§è¡Œ: ID=1, name=test, status=ACTIVE
2025-12-20 16:22:03,468 - scheduler - INFO - å¼€å§‹æ‰§è¡Œä»»åŠ¡ 1 (test): echo hi

2025-12-20 16:22:03,479 - scheduler - INFO - ä»»åŠ¡ 1 (test) æ‰§è¡ŒæˆåŠŸ
2025-12-20 16:23:03,480 - scheduler - INFO - è§¦å‘ä»»åŠ¡æ‰§è¡Œ: ID=1, name=test, status=ACTIVE
2025-12-20 16:23:03,490 - scheduler - INFO - å¼€å§‹æ‰§è¡Œä»»åŠ¡ 1 (test): echo hi

2025-12-20 16:23:03,500 - scheduler - INFO - ä»»åŠ¡ 1 (test) æ‰§è¡ŒæˆåŠŸ
2025-12-20 16:23:30,283 - scheduler - INFO - åº”ç”¨å¯åŠ¨ä¸­...
2025-12-20 16:23:30,283 - scheduler - INFO - ä»»åŠ¡è°ƒåº¦å™¨å·²å¯åŠ¨
2025-12-20 16:23:30,283 - scheduler - INFO - è°ƒåº¦å™¨å·²å¯åŠ¨
2025-12-20 16:30:23,871 - scheduler - INFO - åº”ç”¨å¯åŠ¨ä¸­...
2025-12-20 16:30:23,873 - scheduler - INFO - ä»»åŠ¡è°ƒåº¦å™¨å·²å¯åŠ¨
2025-12-20 16:30:23,873 - scheduler - INFO - è°ƒåº¦å™¨å·²å¯åŠ¨
2025-12-20 16:30:23,873 - scheduler - ERROR - è°ƒåº¦å™¨å¼‚å¸¸: Task.__init__() got an unexpected keyword argument 'retry_count'
Traceback (most recent call last):
  File "/Users/xiaohan/Desktop/untitled folder/mini-scheduler/scheduler/scheduler.py", line 33, in run_scheduler
    tasks = list_tasks()
  File "/Users/xiaohan/Desktop/untitled folder/mini-scheduler/common/db.py", line 100, in list_tasks
    return [Task(**dict(row))for row in rows]
            ~~~~^^^^^^^^^^^^^
TypeError: Task.__init__() got an unexpected keyword argument 'retry_count'
2025-12-20 16:30:28,879 - scheduler - ERROR - è°ƒåº¦å™¨å¼‚å¸¸: Task.__init__() got an unexpected keyword argument 'retry_count'
Traceback (most recent call last):
  File "/Users/xiaohan/Desktop/untitled folder/mini-scheduler/scheduler/scheduler.py", line 33, in run_scheduler
    tasks = list_tasks()
  File "/Users/xiaohan/Desktop/untitled folder/mini-scheduler/common/db.py", line 100, in list_tasks
    return [Task(**dict(row))for row in rows]
            ~~~~^^^^^^^^^^^^^
TypeError: Task.__init__() got an unexpected keyword argument 'retry_count'
2025-12-20 16:30:33,881 - scheduler - ERROR - è°ƒåº¦å™¨å¼‚å¸¸: Task.__init__() got an unexpected keyword argument 'retry_count'
Traceback (most recent call last):
  File "/Users/xiaohan/Desktop/untitled folder/mini-scheduler/scheduler/scheduler.py", line 33, in run_scheduler
    tasks = list_tasks()
  File "/Users/xiaohan/Desktop/untitled folder/mini-scheduler/common/db.py", line 100, in list_tasks
    return [Task(**dict(row))for row in rows]
            ~~~~^^^^^^^^^^^^^
TypeError: Task.__init__() got an unexpected keyword argument 'retry_count'
2025-12-20 16:30:37,833 - scheduler - INFO - åº”ç”¨å¯åŠ¨ä¸­...
2025-12-20 16:30:37,833 - scheduler - INFO - ä»»åŠ¡è°ƒåº¦å™¨å·²å¯åŠ¨
2025-12-20 16:30:37,834 - scheduler - INFO - è°ƒåº¦å™¨å·²å¯åŠ¨
2025-12-20 16:30:37,834 - scheduler - INFO - è§¦å‘ä»»åŠ¡æ‰§è¡Œ: ID=1, name=test, status=ACTIVE
2025-12-20 16:30:37,836 - scheduler - INFO - å¼€å§‹æ‰§è¡Œä»»åŠ¡ 1 (test): echo hi

2025-12-20 16:30:37,840 - scheduler - INFO - ä»»åŠ¡ 1 (test) æ‰§è¡ŒæˆåŠŸ
2025-12-20 16:30:42,996 - scheduler - INFO - åº”ç”¨å¯åŠ¨ä¸­...
2025-12-20 16:30:42,997 - scheduler - INFO - ä»»åŠ¡è°ƒåº¦å™¨å·²å¯åŠ¨
2025-12-20 16:30:42,997 - scheduler - INFO - è°ƒåº¦å™¨å·²å¯åŠ¨
2025-12-20 16:30:56,032 - scheduler - INFO - åº”ç”¨å¯åŠ¨ä¸­...
2025-12-20 16:30:56,033 - scheduler - INFO - ä»»åŠ¡è°ƒåº¦å™¨å·²å¯åŠ¨
2025-12-20 16:30:56,033 - scheduler - INFO - è°ƒåº¦å™¨å·²å¯åŠ¨
2025-12-20 16:31:01,034 - scheduler - INFO - è§¦å‘ä»»åŠ¡æ‰§è¡Œ: ID=1, name=test, status=ACTIVE
2025-12-20 16:31:01,036 - scheduler - INFO - å¼€å§‹æ‰§è¡Œä»»åŠ¡ 1 (test): echo hi

2025-12-20 16:31:01,040 - scheduler - INFO - ä»»åŠ¡ 1 (test) æ‰§è¡ŒæˆåŠŸ
2025-12-20 16:31:48,964 - scheduler - INFO - æŸ¥è¯¢ä»»åŠ¡åˆ—è¡¨: q=, status=, page=1, æ‰¾åˆ° 1 ä¸ªä»»åŠ¡
2025-12-20 16:32:01,089 - scheduler - INFO - è§¦å‘ä»»åŠ¡æ‰§è¡Œ: ID=1, name=test, status=ACTIVE
2025-12-20 16:32:01,091 - scheduler - INFO - å¼€å§‹æ‰§è¡Œä»»åŠ¡ 1 (test): echo hi

2025-12-20 16:32:01,098 - scheduler - INFO - ä»»åŠ¡ 1 (test) æ‰§è¡ŒæˆåŠŸ
2025-12-20 16:33:01,147 - scheduler - INFO - è§¦å‘ä»»åŠ¡æ‰§è¡Œ: ID=1, name=test, status=ACTIVE
2025-12-20 16:33:01,149 - scheduler - INFO - å¼€å§‹æ‰§è¡Œä»»åŠ¡ 1 (test): echo hi

2025-12-20 16:33:01,155 - scheduler - INFO - ä»»åŠ¡ 1 (test) æ‰§è¡ŒæˆåŠŸ
2025-12-20 16:34:01,202 - scheduler - INFO - è§¦å‘ä»»åŠ¡æ‰§è¡Œ: ID=1, name=test, status=ACTIVE
2025-12-20 16:34:01,203 - scheduler - INFO - å¼€å§‹æ‰§è¡Œä»»åŠ¡ 1 (test): echo hi

2025-12-20 16:34:01,209 - scheduler - INFO - ä»»åŠ¡ 1 (test) æ‰§è¡ŒæˆåŠŸ
2025-12-20 16:34:35,281 - scheduler - INFO - åº”ç”¨å¯åŠ¨ä¸­...
2025-12-20 16:34:35,282 - scheduler - INFO - ä»»åŠ¡è°ƒåº¦å™¨å·²å¯åŠ¨
2025-12-20 16:34:35,282 - scheduler - INFO - è°ƒåº¦å™¨å·²å¯åŠ¨
2025-12-20 16:35:00,301 - scheduler - INFO - è§¦å‘ä»»åŠ¡æ‰§è¡Œ: ID=1, name=test, status=ACTIVE
2025-12-20 16:35:00,303 - scheduler - INFO - å¼€å§‹æ‰§è¡Œä»»åŠ¡ 1 (test): echo hi

2025-12-20 16:35:00,310 - scheduler - INFO - ä»»åŠ¡ 1 (test) æ‰§è¡ŒæˆåŠŸ
2025-12-20 16:35:23,567 - scheduler - INFO - åº”ç”¨å¯åŠ¨ä¸­...
2025-12-20 16:35:23,567 - scheduler - INFO - ä»»åŠ¡è°ƒåº¦å™¨å·²å¯åŠ¨
2025-12-20 16:35:23,567 - scheduler - INFO - è°ƒåº¦å™¨å·²å¯åŠ¨
2025-12-20 16:36:03,604 - scheduler - INFO - è§¦å‘ä»»åŠ¡æ‰§è¡Œ: ID=1, name=test, status=ACTIVE
2025-12-20 16:36:03,608 - scheduler - INFO - å¼€å§‹æ‰§è¡Œä»»åŠ¡ 1 (test): echo hi

2025-12-20 16:36:03,620 - scheduler - INFO - ä»»åŠ¡ 1 (test) æ‰§è¡ŒæˆåŠŸ
2025-12-20 16:36:14,095 - scheduler - INFO - åº”ç”¨å¯åŠ¨ä¸­...
2025-12-20 16:36:14,095 - scheduler - INFO - ä»»åŠ¡è°ƒåº¦å™¨å·²å¯åŠ¨
2025-12-20 16:36:14,096 - scheduler - INFO - è°ƒåº¦å™¨å·²å¯åŠ¨
2025-12-20 16:37:04,145 - scheduler - INFO - è§¦å‘ä»»åŠ¡æ‰§è¡Œ: ID=1, name=test, status=ACTIVE
2025-12-20 16:37:04,149 - scheduler - INFO - å¼€å§‹æ‰§è¡Œä»»åŠ¡ 1 (test): echo hi

2025-12-20 16:37:04,158 - scheduler - INFO - ä»»åŠ¡ 1 (test) æ‰§è¡ŒæˆåŠŸ
2025-12-20 16:38:04,211 - scheduler - INFO - è§¦å‘ä»»åŠ¡æ‰§è¡Œ: ID=1, name=test, status=ACTIVE
2025-12-20 16:38:04,214 - scheduler - INFO - å¼€å§‹æ‰§è¡Œä»»åŠ¡ 1 (test): echo hi

2025-12-20 16:38:04,222 - scheduler - INFO - ä»»åŠ¡ 1 (test) æ‰§è¡ŒæˆåŠŸ
2025-12-20 16:39:04,270 - scheduler - INFO - è§¦å‘ä»»åŠ¡æ‰§è¡Œ: ID=1, name=test, status=ACTIVE
2025-12-20 16:39:04,272 - scheduler - INFO - å¼€å§‹æ‰§è¡Œä»»åŠ¡ 1 (test): echo hi

2025-12-20 16:39:04,279 - scheduler - INFO - ä»»åŠ¡ 1 (test) æ‰§è¡ŒæˆåŠŸ
2025-12-20 16:39:17,261 - scheduler - INFO - ç”¨æˆ·ç™»å½•æˆåŠŸ: admin
2025-12-20 16:39:34,802 - scheduler - INFO - ç”¨æˆ·ç™»å½•æˆåŠŸ: admin
2025-12-20 16:39:51,967 - scheduler - WARNING - ç™»å½•å¤±è´¥: ç”¨æˆ·å=lyx
2025-12-20 16:40:04,317 - scheduler - INFO - è§¦å‘ä»»åŠ¡æ‰§è¡Œ: ID=1, name=test, status=ACTIVE
2025-12-20 16:40:04,319 - scheduler - INFO - å¼€å§‹æ‰§è¡Œä»»åŠ¡ 1 (test): echo hi

2025-12-20 16:40:04,326 - scheduler - INFO - ä»»åŠ¡ 1 (test) æ‰§è¡ŒæˆåŠŸ
2025-12-20 16:41:04,379 - scheduler - INFO - è§¦å‘ä»»åŠ¡æ‰§è¡Œ: ID=1, name=test, status=ACTIVE
2025-12-20 16:41:04,385 - scheduler - INFO - å¼€å§‹æ‰§è¡Œä»»åŠ¡ 1 (test): echo hi

2025-12-20 16:41:04,396 - scheduler - INFO - ä»»åŠ¡ 1 (test) æ‰§è¡ŒæˆåŠŸ
2025-12-20 16:41:12,780 - scheduler - INFO - åº”ç”¨å¯åŠ¨ä¸­...
2025-12-20 16:41:12,780 - scheduler - INFO - ä»»åŠ¡è°ƒåº¦å™¨å·²å¯åŠ¨
2025-12-20 16:41:12,780 - scheduler - INFO - è°ƒåº¦å™¨å·²å¯åŠ¨
2025-12-20 16:41:32,391 - scheduler - INFO - åº”ç”¨å¯åŠ¨ä¸­...
2025-12-20 16:41:32,391 - scheduler - INFO - ä»»åŠ¡è°ƒåº¦å™¨å·²å¯åŠ¨
2025-12-20 16:41:32,391 - scheduler - INFO - è°ƒåº¦å™¨å·²å¯åŠ¨
2025-12-20 16:42:02,415 - scheduler - INFO - è§¦å‘ä»»åŠ¡æ‰§è¡Œ: ID=1, name=test, status=ACTIVE
2025-12-20 16:42:02,417 - scheduler - INFO - å¼€å§‹æ‰§è¡Œä»»åŠ¡ 1 (test): echo hi

2025-12-20 16:42:02,427 - scheduler - INFO - ä»»åŠ¡ 1 (test) æ‰§è¡ŒæˆåŠŸ
2025-12-20 16:43:02,458 - scheduler - INFO - è§¦å‘ä»»åŠ¡æ‰§è¡Œ: ID=1, name=test, status=ACTIVE
2025-12-20 16:43:02,460 - scheduler - INFO - å¼€å§‹æ‰§è¡Œä»»åŠ¡ 1 (test): echo hi

2025-12-20 16:43:02,466 - scheduler - INFO - ä»»åŠ¡ 1 (test) æ‰§è¡ŒæˆåŠŸ
2025-12-20 16:44:02,506 - scheduler - INFO - è§¦å‘ä»»åŠ¡æ‰§è¡Œ: ID=1, name=test, status=ACTIVE
2025-12-20 16:44:02,511 - scheduler - INFO - å¼€å§‹æ‰§è¡Œä»»åŠ¡ 1 (test): echo hi

2025-12-20 16:44:02,524 - scheduler - INFO - ä»»åŠ¡ 1 (test) æ‰§è¡ŒæˆåŠŸ
2025-12-20 16:44:21,179 - scheduler - INFO - åº”ç”¨å¯åŠ¨ä¸­...
2025-12-20 16:44:21,180 - scheduler - INFO - ä»»åŠ¡è°ƒåº¦å™¨å·²å¯åŠ¨
2025-12-20 16:44:21,180 - scheduler - INFO - è°ƒåº¦å™¨å·²å¯åŠ¨
2025-12-20 16:45:01,220 - scheduler - INFO - è§¦å‘ä»»åŠ¡æ‰§è¡Œ: ID=1, name=test, status=ACTIVE
2025-12-20 16:45:01,221 - scheduler - INFO - å¼€å§‹æ‰§è¡Œä»»åŠ¡ 1 (test): echo hi

2025-12-20 16:45:01,227 - scheduler - INFO - ä»»åŠ¡ 1 (test) æ‰§è¡ŒæˆåŠŸ
2025-12-20 16:46:01,275 - scheduler - INFO - è§¦å‘ä»»åŠ¡æ‰§è¡Œ: ID=1, name=test, status=ACTIVE
2025-12-20 16:46:01,279 - scheduler - INFO - å¼€å§‹æ‰§è¡Œä»»åŠ¡ 1 (test): echo hi

2025-12-20 16:46:01,292 - scheduler - INFO - ä»»åŠ¡ 1 (test) æ‰§è¡ŒæˆåŠŸ
2025-12-20 16:47:01,333 - scheduler - INFO - è§¦å‘ä»»åŠ¡æ‰§è¡Œ: ID=1, name=test, status=ACTIVE
2025-12-20 16:47:01,336 - scheduler - INFO - å¼€å§‹æ‰§è¡Œä»»åŠ¡ 1 (test): echo hi

2025-12-20 16:47:01,345 - scheduler - INFO - ä»»åŠ¡ 1 (test) æ‰§è¡ŒæˆåŠŸ
2025-12-20 16:47:31,879 - scheduler - INFO - åº”ç”¨å¯åŠ¨ä¸­...
2025-12-20 16:47:31,880 - scheduler - INFO - ä»»åŠ¡è°ƒåº¦å™¨å·²å¯åŠ¨
2025-12-20 16:47:31,880 - scheduler - INFO - è°ƒåº¦å™¨å·²å¯åŠ¨
2025-12-20 16:48:01,908 - scheduler - INFO - è§¦å‘ä»»åŠ¡æ‰§è¡Œ: ID=1, name=test, status=ACTIVE
2025-12-20 16:48:01,911 - scheduler - INFO - å¼€å§‹æ‰§è¡Œä»»åŠ¡ 1 (test): echo hi

2025-12-20 16:48:01,919 - scheduler - INFO - ä»»åŠ¡ 1 (test) æ‰§è¡ŒæˆåŠŸ
2025-12-20 16:48:42,899 - scheduler - INFO - ç”¨æˆ·ç™»å½•æˆåŠŸ: lyx
2025-12-20 16:49:01,968 - scheduler - INFO - è§¦å‘ä»»åŠ¡æ‰§è¡Œ: ID=1, name=test, status=ACTIVE
2025-12-20 16:49:01,970 - scheduler - INFO - å¼€å§‹æ‰§è¡Œä»»åŠ¡ 1 (test): echo hi

2025-12-20 16:49:01,975 - scheduler - INFO - ä»»åŠ¡ 1 (test) æ‰§è¡ŒæˆåŠŸ
2025-12-20 16:50:02,024 - scheduler - INFO - è§¦å‘ä»»åŠ¡æ‰§è¡Œ: ID=1, name=test, status=ACTIVE
2025-12-20 16:50:02,029 - scheduler - INFO - å¼€å§‹æ‰§è¡Œä»»åŠ¡ 1 (test): echo hi

2025-12-20 16:50:02,040 - scheduler - INFO - ä»»åŠ¡ 1 (test) æ‰§è¡ŒæˆåŠŸ
2025-12-20 16:50:09,496 - scheduler - INFO - åº”ç”¨å¯åŠ¨ä¸­...
2025-12-20 16:50:09,496 - scheduler - INFO - ä»»åŠ¡è°ƒåº¦å™¨å·²å¯åŠ¨
2025-12-20 16:50:09,496 - scheduler - INFO - è°ƒåº¦å™¨å·²å¯åŠ¨
2025-12-20 16:50:46,896 - scheduler - INFO - åº”ç”¨å¯åŠ¨ä¸­...
2025-12-20 16:50:46,896 - scheduler - INFO - ä»»åŠ¡è°ƒåº¦å™¨å·²å¯åŠ¨
2025-12-20 16:50:46,896 - scheduler - INFO - è°ƒåº¦å™¨å·²å¯åŠ¨
2025-12-20 16:50:59,671 - scheduler - WARNING - ç™»å½•å¤±è´¥: ç”¨æˆ·å=lyx
2025-12-20 16:51:01,911 - scheduler - INFO - è§¦å‘ä»»åŠ¡æ‰§è¡Œ: ID=1, name=test, status=ACTIVE
2025-12-20 16:51:01,913 - scheduler - INFO - å¼€å§‹æ‰§è¡Œä»»åŠ¡ 1 (test): echo hi

2025-12-20 16:51:01,920 - scheduler - INFO - ä»»åŠ¡ 1 (test) æ‰§è¡ŒæˆåŠŸ
2025-12-20 16:52:01,963 - scheduler - INFO - è§¦å‘ä»»åŠ¡æ‰§è¡Œ: ID=1, name=test, status=ACTIVE
2025-12-20 16:52:01,972 - scheduler - INFO - å¼€å§‹æ‰§è¡Œä»»åŠ¡ 1 (test): echo hi

2025-12-20 16:52:01,984 - scheduler - INFO - ä»»åŠ¡ 1 (test) æ‰§è¡ŒæˆåŠŸ
2025-12-20 16:53:02,023 - scheduler - INFO - è§¦å‘ä»»åŠ¡æ‰§è¡Œ: ID=1, name=test, status=ACTIVE
2025-12-20 16:53:02,025 - scheduler - INFO - å¼€å§‹æ‰§è¡Œä»»åŠ¡ 1 (test): echo hi

2025-12-20 16:53:02,030 - scheduler - INFO - ä»»åŠ¡ 1 (test) æ‰§è¡ŒæˆåŠŸ
2025-12-20 16:53:19,860 - scheduler - INFO - åº”ç”¨å¯åŠ¨ä¸­...
2025-12-20 16:53:19,860 - scheduler - INFO - ä»»åŠ¡è°ƒåº¦å™¨å·²å¯åŠ¨
2025-12-20 16:53:19,860 - scheduler - INFO - è°ƒåº¦å™¨å·²å¯åŠ¨
2025-12-20 16:53:28,258 - scheduler - INFO - åº”ç”¨å¯åŠ¨ä¸­...
2025-12-20 16:53:28,258 - scheduler - INFO - ä»»åŠ¡è°ƒåº¦å™¨å·²å¯åŠ¨
2025-12-20 16:53:28,258 - scheduler - INFO - è°ƒåº¦å™¨å·²å¯åŠ¨
2025-12-20 16:54:01,529 - scheduler - INFO - åº”ç”¨å¯åŠ¨ä¸­...
2025-12-20 16:54:01,529 - scheduler - INFO - ä»»åŠ¡è°ƒåº¦å™¨å·²å¯åŠ¨
2025-12-20 16:54:01,529 - scheduler - INFO - è°ƒåº¦å™¨å·²å¯åŠ¨
2025-12-20 16:54:01,530 - scheduler - INFO - è§¦å‘ä»»åŠ¡æ‰§è¡Œ: ID=1, name=test, status=ACTIVE
2025-12-20 16:54:01,531 - scheduler - INFO - å¼€å§‹æ‰§è¡Œä»»åŠ¡ 1 (test): echo hi

2025-12-20 16:54:01,536 - scheduler - INFO - ä»»åŠ¡ 1 (test) æ‰§è¡ŒæˆåŠŸ
2025-12-20 16:54:13,346 - scheduler - INFO - ç”¨æˆ·ç™»å½•æˆåŠŸ: admin
2025-12-20 16:54:18,252 - scheduler - INFO - æŸ¥è¯¢ä»»åŠ¡åˆ—è¡¨: q=, status=, page=1, æ‰¾åˆ° 1 ä¸ªä»»åŠ¡
2025-12-20 16:54:25,787 - scheduler - INFO - åº”ç”¨å¯åŠ¨ä¸­...
2025-12-20 16:54:25,788 - scheduler - INFO - ä»»åŠ¡è°ƒåº¦å™¨å·²å¯åŠ¨
2025-12-20 16:54:25,788 - scheduler - INFO - è°ƒåº¦å™¨å·²å¯åŠ¨
2025-12-20 16:54:49,780 - scheduler - WARNING - ç™»å½•å¤±è´¥: ç”¨æˆ·å=lyx
2025-12-20 16:55:00,820 - scheduler - INFO - è§¦å‘ä»»åŠ¡æ‰§è¡Œ: ID=1, name=test, status=ACTIVE
2025-12-20 16:55:00,822 - scheduler - INFO - å¼€å§‹æ‰§è¡Œä»»åŠ¡ 1 (test): echo hi

2025-12-20 16:55:00,827 - scheduler - INFO - ä»»åŠ¡ 1 (test) æ‰§è¡ŒæˆåŠŸ
2025-12-20 16:55:08,970 - scheduler - INFO - ç”¨æˆ·ç™»å½•æˆåŠŸ: lyx
2025-12-20 16:55:08,980 - scheduler - INFO - æŸ¥è¯¢ä»»åŠ¡åˆ—è¡¨: q=, status=, page=1, æ‰¾åˆ° 1 ä¸ªä»»åŠ¡
2025-12-20 16:56:00,868 - scheduler - INFO - è§¦å‘ä»»åŠ¡æ‰§è¡Œ: ID=1, name=test, status=ACTIVE
2025-12-20 16:56:00,870 - scheduler - INFO - å¼€å§‹æ‰§è¡Œä»»åŠ¡ 1 (test): echo hi

2025-12-20 16:56:00,877 - scheduler - INFO - ä»»åŠ¡ 1 (test) æ‰§è¡ŒæˆåŠŸ
2025-12-20 16:57:00,926 - scheduler - INFO - è§¦å‘ä»»åŠ¡æ‰§è¡Œ: ID=1, name=test, status=ACTIVE
2025-12-20 16:57:00,927 - scheduler - INFO - å¼€å§‹æ‰§è¡Œä»»åŠ¡ 1 (test): echo hi

2025-12-20 16:57:00,934 - scheduler - INFO - ä»»åŠ¡ 1 (test) æ‰§è¡ŒæˆåŠŸ
2025-12-20 16:57:25,282 - scheduler - INFO - æŸ¥è¯¢ä»»åŠ¡åˆ—è¡¨: q=, status=, page=1, æ‰¾åˆ° 1 ä¸ªä»»åŠ¡
2025-12-20 16:57:26,784 - scheduler - INFO - æŸ¥è¯¢ä»»åŠ¡åˆ—è¡¨: q=, status=, page=1, æ‰¾åˆ° 1 ä¸ªä»»åŠ¡
2025-12-20 16:57:27,403 - scheduler - INFO - æŸ¥è¯¢ä»»åŠ¡åˆ—è¡¨: q=, status=, page=1, æ‰¾åˆ° 1 ä¸ªä»»åŠ¡
2025-12-20 16:57:29,434 - scheduler - INFO - æŸ¥è¯¢ä»»åŠ¡åˆ—è¡¨: q=, status=, page=1, æ‰¾åˆ° 1 ä¸ªä»»åŠ¡
2025-12-20 16:57:30,622 - scheduler - INFO - æŸ¥è¯¢ä»»åŠ¡åˆ—è¡¨: q=, status=, page=1, æ‰¾åˆ° 1 ä¸ªä»»åŠ¡
2025-12-20 16:57:31,957 - scheduler - INFO - æŸ¥è¯¢ä»»åŠ¡åˆ—è¡¨: q=, status=, page=1, æ‰¾åˆ° 1 ä¸ªä»»åŠ¡
2025-12-20 16:57:32,519 - scheduler - INFO - æŸ¥è¯¢ä»»åŠ¡åˆ—è¡¨: q=, status=, page=1, æ‰¾åˆ° 1 ä¸ªä»»åŠ¡
2025-12-20 16:58:00,975 - scheduler - INFO - è§¦å‘ä»»åŠ¡æ‰§è¡Œ: ID=1, name=test, status=ACTIVE
2025-12-20 16:58:00,977 - scheduler - INFO - å¼€å§‹æ‰§è¡Œä»»åŠ¡ 1 (test): echo hi

2025-12-20 16:58:00,984 - scheduler - INFO - ä»»åŠ¡ 1 (test) æ‰§è¡ŒæˆåŠŸ
2025-12-20 16:58:03,290 - scheduler - INFO - åº”ç”¨å¯åŠ¨ä¸­...
2025-12-20 16:58:03,291 - scheduler - INFO - ä»»åŠ¡è°ƒåº¦å™¨å·²å¯åŠ¨
2025-12-20 16:58:03,291 - scheduler - INFO - è°ƒåº¦å™¨å·²å¯åŠ¨
2025-12-20 16:58:25,709 - scheduler - WARNING - ç™»å½•å¤±è´¥: ç”¨æˆ·å=lyx
2025-12-20 16:58:31,081 - scheduler - WARNING - ç™»å½•å¤±è´¥: ç”¨æˆ·å=lyx
2025-12-20 16:58:31,430 - scheduler - WARNING - ç™»å½•å¤±è´¥: ç”¨æˆ·å=lyx
2025-12-20 16:58:31,667 - scheduler - WARNING - ç™»å½•å¤±è´¥: ç”¨æˆ·å=lyx
2025-12-20 16:58:31,891 - scheduler - WARNING - ç™»å½•å¤±è´¥: ç”¨æˆ·å=lyx
2025-12-20 16:58:32,648 - scheduler - WARNING - ç™»å½•å¤±è´¥: ç”¨æˆ·å=lyx
2025-12-20 16:59:03,315 - scheduler - INFO - åº”ç”¨å¯åŠ¨ä¸­...
2025-12-20 16:59:03,316 - scheduler - INFO - ä»»åŠ¡è°ƒåº¦å™¨å·²å¯åŠ¨
2025-12-20 16:59:03,316 - scheduler - INFO - è°ƒåº¦å™¨å·²å¯åŠ¨
2025-12-20 16:59:03,317 - scheduler - INFO - è§¦å‘ä»»åŠ¡æ‰§è¡Œ: ID=1, name=test, status=ACTIVE
2025-12-20 16:59:03,317 - scheduler - INFO - å¼€å§‹æ‰§è¡Œä»»åŠ¡ 1 (test): echo hi

2025-12-20 16:59:03,322 - scheduler - INFO - ä»»åŠ¡ 1 (test) æ‰§è¡ŒæˆåŠŸ
2025-12-20 16:59:08,371 - scheduler - INFO - åº”ç”¨å¯åŠ¨ä¸­...
2025-12-20 16:59:08,372 - scheduler - INFO - ä»»åŠ¡è°ƒåº¦å™¨å·²å¯åŠ¨
2025-12-20 16:59:08,372 - scheduler - INFO - è°ƒåº¦å™¨å·²å¯åŠ¨
2025-12-20 16:59:52,777 - scheduler - INFO - åº”ç”¨å¯åŠ¨ä¸­...
2025-12-20 16:59:52,777 - scheduler - INFO - ä»»åŠ¡è°ƒåº¦å™¨å·²å¯åŠ¨
2025-12-20 16:59:52,778 - scheduler - INFO - è°ƒåº¦å™¨å·²å¯åŠ¨
2025-12-20 16:59:56,726 - scheduler - INFO - åº”ç”¨å¯åŠ¨ä¸­...
2025-12-20 16:59:56,726 - scheduler - INFO - ä»»åŠ¡è°ƒåº¦å™¨å·²å¯åŠ¨
2025-12-20 16:59:56,726 - scheduler - INFO - è°ƒåº¦å™¨å·²å¯åŠ¨
2025-12-20 17:00:01,731 - scheduler - INFO - è§¦å‘ä»»åŠ¡æ‰§è¡Œ: ID=1, name=test, status=ACTIVE
2025-12-20 17:00:01,734 - scheduler - INFO - å¼€å§‹æ‰§è¡Œä»»åŠ¡ 1 (test): echo hi

2025-12-20 17:00:01,740 - scheduler - INFO - ä»»åŠ¡ 1 (test) æ‰§è¡ŒæˆåŠŸ
2025-12-20 17:00:10,726 - scheduler - INFO - åº”ç”¨å¯åŠ¨ä¸­...
2025-12-20 17:00:10,727 - scheduler - INFO - ä»»åŠ¡è°ƒåº¦å™¨å·²å¯åŠ¨
2025-12-20 17:00:10,727 - scheduler - INFO - è°ƒåº¦å™¨å·²å¯åŠ¨
2025-12-20 17:00:23,944 - scheduler - INFO - åº”ç”¨å¯åŠ¨ä¸­...
2025-12-20 17:00:23,944 - scheduler - INFO - ä»»åŠ¡è°ƒåº¦å™¨å·²å¯åŠ¨
2025-12-20 17:00:23,944 - scheduler - INFO - è°ƒåº¦å™¨å·²å¯åŠ¨
2025-12-20 17:00:52,262 - scheduler - INFO - åº”ç”¨å¯åŠ¨ä¸­...
2025-12-20 17:00:52,262 - scheduler - INFO - ä»»åŠ¡è°ƒåº¦å™¨å·²å¯åŠ¨
2025-12-20 17:00:52,263 - scheduler - INFO - è°ƒåº¦å™¨å·²å¯åŠ¨
2025-12-20 17:01:11,727 - scheduler - INFO - åº”ç”¨å¯åŠ¨ä¸­...
2025-12-20 17:01:11,728 - scheduler - INFO - ä»»åŠ¡è°ƒåº¦å™¨å·²å¯åŠ¨
2025-12-20 17:01:11,728 - scheduler - INFO - è°ƒåº¦å™¨å·²å¯åŠ¨
2025-12-20 17:01:11,729 - scheduler - INFO - è§¦å‘ä»»åŠ¡æ‰§è¡Œ: ID=1, name=test, status=ACTIVE
2025-12-20 17:01:11,730 - scheduler - INFO - å¼€å§‹æ‰§è¡Œä»»åŠ¡ 1 (test): echo hi

2025-12-20 17:01:11,735 - scheduler - INFO - ä»»åŠ¡ 1 (test) æ‰§è¡ŒæˆåŠŸ
2025-12-20 17:02:34,795 - scheduler - INFO - åº”ç”¨å¯åŠ¨ä¸­...
2025-12-20 17:02:34,796 - scheduler - INFO - ä»»åŠ¡è°ƒåº¦å™¨å·²å¯åŠ¨
2025-12-20 17:02:34,796 - scheduler - INFO - è°ƒåº¦å™¨å·²å¯åŠ¨
2025-12-20 17:02:34,796 - scheduler - INFO - è§¦å‘ä»»åŠ¡æ‰§è¡Œ: ID=1, name=test, status=ACTIVE
2025-12-20 17:02:34,798 - scheduler - INFO - å¼€å§‹æ‰§è¡Œä»»åŠ¡ 1 (test): echo hi

2025-12-20 17:02:34,803 - scheduler - INFO - ä»»åŠ¡ 1 (test) æ‰§è¡ŒæˆåŠŸ
2025-12-20 17:02:54,955 - scheduler - INFO - æŸ¥è¯¢ä»»åŠ¡åˆ—è¡¨: q=, status=, page=1, æ‰¾åˆ° 1 ä¸ªä»»åŠ¡
2025-12-20 17:03:04,840 - scheduler - INFO - è§¦å‘ä»»åŠ¡æ‰§è¡Œ: ID=1, name=test, status=ACTIVE
2025-12-20 17:03:04,846 - scheduler - INFO - å¼€å§‹æ‰§è¡Œä»»åŠ¡ 1 (test): echo hi

2025-12-20 17:03:04,859 - scheduler - INFO - ä»»åŠ¡ 1 (test) æ‰§è¡ŒæˆåŠŸ
2025-12-20 17:03:08,242 - scheduler - WARNING - ç™»å½•å¤±è´¥: ç”¨æˆ·å=lyx
2025-12-20 17:03:25,443 - scheduler - INFO - ç”¨æˆ·ç™»å½•æˆåŠŸ: lyx
2025-12-20 17:03:25,453 - scheduler - INFO - æŸ¥è¯¢ä»»åŠ¡åˆ—è¡¨: q=, status=, page=1, æ‰¾åˆ° 1 ä¸ªä»»åŠ¡
2025-12-20 17:03:34,875 - scheduler - INFO - è§¦å‘ä»»åŠ¡æ‰§è¡Œ: ID=1, name=test, status=ACTIVE
2025-12-20 17:03:34,880 - scheduler - INFO - å¼€å§‹æ‰§è¡Œä»»åŠ¡ 1 (test): echo hi

2025-12-20 17:03:34,889 - scheduler - INFO - ä»»åŠ¡ 1 (test) æ‰§è¡ŒæˆåŠŸ
2025-12-20 17:03:34,892 - scheduler - INFO - æŸ¥è¯¢ä»»åŠ¡åˆ—è¡¨: q=, status=, page=1, æ‰¾åˆ° 1 ä¸ªä»»åŠ¡
2025-12-20 17:04:04,917 - scheduler - INFO - è§¦å‘ä»»åŠ¡æ‰§è¡Œ: ID=1, name=test, status=ACTIVE
2025-12-20 17:04:04,920 - scheduler - INFO - å¼€å§‹æ‰§è¡Œä»»åŠ¡ 1 (test): echo hi

2025-12-20 17:04:04,930 - scheduler - INFO - ä»»åŠ¡ 1 (test) æ‰§è¡ŒæˆåŠŸ
2025-12-20 17:05:04,972 - scheduler - INFO - è§¦å‘ä»»åŠ¡æ‰§è¡Œ: ID=1, name=test, status=ACTIVE
2025-12-20 17:05:04,976 - scheduler - INFO - å¼€å§‹æ‰§è¡Œä»»åŠ¡ 1 (test): echo hi

2025-12-20 17:05:04,985 - scheduler - INFO - ä»»åŠ¡ 1 (test) æ‰§è¡ŒæˆåŠŸ
2025-12-20 18:35:00,477 - scheduler - INFO - Ó¦ÓÃÆô¶¯ÖĞ...
2025-12-20 18:35:00,485 - scheduler - INFO - ÈÎÎñµ÷¶ÈÆ÷ÒÑÆô¶¯
2025-12-20 18:35:00,486 - scheduler - INFO - µ÷¶ÈÆ÷ÒÑÆô¶¯
2025-12-20 18:35:00,488 - scheduler - INFO - ´¥·¢ÈÎÎñÖ´ĞĞ: ID=1, name=test, status=ACTIVE
2025-12-20 18:35:00,497 - scheduler - INFO - ¿ªÊ¼Ö´ĞĞÈÎÎñ 1 (test): echo hi

2025-12-20 18:35:00,544 - scheduler - INFO - ÈÎÎñ 1 (test) Ö´ĞĞ³É¹¦
